Using pre-set license
Built from '2021.3/staging' branch; Version is '2021.3.6f1 (7da38d85baf6) revision 8233869'; Using compiler version '192829333'; Build Type 'Release'
OS: 'Windows 10  (10.0.19042) 64bit Professional' Language: 'ru' Physical Memory: 16306 MB
BatchMode: 1, IsHumanControllingUs: 0, StartBugReporterOnCrash: 0, Is64bit: 1, IsPro: 1

COMMAND LINE ARGUMENTS:
C:\Program Files\Unity\Hub\Editor\2021.3.6f1\Editor\Unity.exe
-adb2
-batchMode
-noUpm
-name
AssetImportWorker0
-projectPath
C:/Users/ПК/OnlineCinema
-logFile
Logs/AssetImportWorker0.log
-srvPort
53102
Successfully changed project path to: C:/Users/ПК/OnlineCinema
C:/Users/ПК/OnlineCinema
[UnityMemory] Configuration Parameters - Can be set up in boot.config
    "memorysetup-bucket-allocator-granularity=16"
    "memorysetup-bucket-allocator-bucket-count=8"
    "memorysetup-bucket-allocator-block-size=33554432"
    "memorysetup-bucket-allocator-block-count=8"
    "memorysetup-main-allocator-block-size=16777216"
    "memorysetup-thread-allocator-block-size=16777216"
    "memorysetup-gfx-main-allocator-block-size=16777216"
    "memorysetup-gfx-thread-allocator-block-size=16777216"
    "memorysetup-cache-allocator-block-size=4194304"
    "memorysetup-typetree-allocator-block-size=2097152"
    "memorysetup-profiler-bucket-allocator-granularity=16"
    "memorysetup-profiler-bucket-allocator-bucket-count=8"
    "memorysetup-profiler-bucket-allocator-block-size=33554432"
    "memorysetup-profiler-bucket-allocator-block-count=8"
    "memorysetup-profiler-allocator-block-size=16777216"
    "memorysetup-profiler-editor-allocator-block-size=1048576"
    "memorysetup-temp-allocator-size-main=16777216"
    "memorysetup-job-temp-allocator-block-size=2097152"
    "memorysetup-job-temp-allocator-block-size-background=1048576"
    "memorysetup-job-temp-allocator-reduction-small-platforms=262144"
    "memorysetup-temp-allocator-size-background-worker=32768"
    "memorysetup-temp-allocator-size-job-worker=262144"
    "memorysetup-temp-allocator-size-preload-manager=33554432"
    "memorysetup-temp-allocator-size-nav-mesh-worker=65536"
    "memorysetup-temp-allocator-size-audio-worker=65536"
    "memorysetup-temp-allocator-size-cloud-worker=32768"
    "memorysetup-temp-allocator-size-gi-baking-worker=262144"
    "memorysetup-temp-allocator-size-gfx=262144"
Refreshing native plugins compatible for Editor in 153.92 ms, found 3 plugins.
Preloading 0 native plugins for Editor in 0.00 ms.
Initialize engine version: 2021.3.6f1 (7da38d85baf6)
[Subsystems] Discovering subsystems at path C:/Program Files/Unity/Hub/Editor/2021.3.6f1/Editor/Data/Resources/UnitySubsystems
[Subsystems] Discovering subsystems at path C:/Users/ПК/OnlineCinema/Assets
GfxDevice: creating device client; threaded=0; jobified=0
Direct3D:
    Version:  Direct3D 11.0 [level 11.1]
    Renderer: NVIDIA GeForce GTX 1060 3GB (ID=0x1b84)
    Vendor:   NVIDIA
    VRAM:     2978 MB
    Driver:   31.0.15.3598
Initialize mono
Mono path[0] = 'C:/Program Files/Unity/Hub/Editor/2021.3.6f1/Editor/Data/Managed'
Mono path[1] = 'C:/Program Files/Unity/Hub/Editor/2021.3.6f1/Editor/Data/MonoBleedingEdge/lib/mono/unityjit-win32'
Mono config path = 'C:/Program Files/Unity/Hub/Editor/2021.3.6f1/Editor/Data/MonoBleedingEdge/etc'
Using monoOptions --debugger-agent=transport=dt_socket,embedding=1,server=y,suspend=n,address=127.0.0.1:56804
Begin MonoManager ReloadAssembly
Registering precompiled unity dll's ...
Register platform support module: C:/Program Files/Unity/Hub/Editor/2021.3.6f1/Editor/Data/PlaybackEngines/WebGLSupport/UnityEditor.WebGL.Extensions.dll
Register platform support module: C:/Program Files/Unity/Hub/Editor/2021.3.6f1/Editor/Data/PlaybackEngines/WindowsStandaloneSupport/UnityEditor.WindowsStandalone.Extensions.dll
Registered in 0.016740 seconds.
Native extension for WindowsStandalone target not found
Native extension for WebGL target not found
Refreshing native plugins compatible for Editor in 161.72 ms, found 3 plugins.
Preloading 0 native plugins for Editor in 0.00 ms.
Mono: successfully reloaded assembly
- Completed reload, in  1.351 seconds
Domain Reload Profiling:
	ReloadAssembly (1352ms)
		BeginReloadAssembly (159ms)
			ExecutionOrderSort (0ms)
			DisableScriptedObjects (0ms)
			BackupInstance (0ms)
			ReleaseScriptingObjects (0ms)
			CreateAndSetChildDomain (1ms)
		EndReloadAssembly (948ms)
			LoadAssemblies (155ms)
			RebuildTransferFunctionScriptingTraits (0ms)
			SetupTypeCache (235ms)
			ReleaseScriptCaches (0ms)
			RebuildScriptCaches (57ms)
			SetupLoadedEditorAssemblies (543ms)
				LogAssemblyErrors (0ms)
				InitializePlatformSupportModulesInManaged (18ms)
				SetLoadedEditorAssemblies (0ms)
				RefreshPlugins (162ms)
				BeforeProcessingInitializeOnLoad (2ms)
				ProcessInitializeOnLoadAttributes (261ms)
				ProcessInitializeOnLoadMethodAttributes (100ms)
				AfterProcessingInitializeOnLoad (0ms)
				EditorAssembliesLoaded (0ms)
			ExecutionOrderSort2 (0ms)
			AwakeInstancesAfterBackupRestoration (0ms)
Platform modules already initialized, skipping
Registering precompiled user dll's ...
Registered in 0.012552 seconds.
Begin MonoManager ReloadAssembly
Symbol file LoadedFromMemory doesn't match image C:\Users\ПК\OnlineCinema\Library\PackageCache\com.unity.visualscripting@1.8.0\Editor\VisualScripting.Core\Dependencies\YamlDotNet\Unity.VisualScripting.YamlDotNet.dll
Symbol file LoadedFromMemory doesn't match image C:\Users\ПК\OnlineCinema\Library\PackageCache\com.unity.visualscripting@1.8.0\Editor\VisualScripting.Core\Dependencies\DotNetZip\Unity.VisualScripting.IonicZip.dll
Native extension for WindowsStandalone target not found
Native extension for WebGL target not found
Refreshing native plugins compatible for Editor in 1.40 ms, found 3 plugins.
Preloading 0 native plugins for Editor in 0.00 ms.
Mono: successfully reloaded assembly
- Completed reload, in  2.199 seconds
Domain Reload Profiling:
	ReloadAssembly (2200ms)
		BeginReloadAssembly (227ms)
			ExecutionOrderSort (0ms)
			DisableScriptedObjects (12ms)
			BackupInstance (0ms)
			ReleaseScriptingObjects (0ms)
			CreateAndSetChildDomain (30ms)
		EndReloadAssembly (1721ms)
			LoadAssemblies (166ms)
			RebuildTransferFunctionScriptingTraits (0ms)
			SetupTypeCache (610ms)
			ReleaseScriptCaches (1ms)
			RebuildScriptCaches (107ms)
			SetupLoadedEditorAssemblies (756ms)
				LogAssemblyErrors (0ms)
				InitializePlatformSupportModulesInManaged (15ms)
				SetLoadedEditorAssemblies (1ms)
				RefreshPlugins (2ms)
				BeforeProcessingInitializeOnLoad (172ms)
				ProcessInitializeOnLoadAttributes (505ms)
				ProcessInitializeOnLoadMethodAttributes (47ms)
				AfterProcessingInitializeOnLoad (13ms)
				EditorAssembliesLoaded (0ms)
			ExecutionOrderSort2 (0ms)
			AwakeInstancesAfterBackupRestoration (11ms)
Platform modules already initialized, skipping
========================================================================
Worker process is ready to serve import requests
Launched and connected shader compiler UnityShaderCompiler.exe after 0.09 seconds
Refreshing native plugins compatible for Editor in 1.42 ms, found 3 plugins.
Preloading 0 native plugins for Editor in 0.00 ms.
Unloading 3101 Unused Serialized files (Serialized files now loaded: 0)
Unloading 26 unused Assets / (55.9 KB). Loaded Objects now: 3583.
Memory consumption went from 124.2 MB to 124.2 MB.
Total: 8.099200 ms (FindLiveObjects: 0.685400 ms CreateObjectMapping: 0.240600 ms MarkObjects: 6.925300 ms  DeleteObjects: 0.245300 ms)

AssetImportParameters requested are different than current active one (requested -> active):
  custom:video-decoder-ogg-theora: a1e56fd34408186e4bbccfd4996cb3dc -> 
  custom:container-muxer-webm: aa71ff27fc2769a1b78a27578f13a17b -> 
  custom:container-demuxer-webm: 4f35f7cbe854078d1ac9338744f61a02 -> 
  custom:video-encoder-webm-vp8: eb34c28f22e8b96e1ab97ce403110664 -> 
  custom:audio-encoder-webm-vorbis: bf7c407c2cedff20999df2af8eb42d56 -> 
  custom:framework-win-MediaFoundation: 216162199b28c13a410421893ffa2e32 -> 
  custom:container-demuxer-ogg: 62fdf1f143b41e24485cea50d1cbac27 -> 
  custom:video-decoder-webm-vp8: 9c59270c3fd7afecdb556c50c9e8de78 -> 
  custom:audio-decoder-ogg-vorbis: bf7c407c2cedff20999df2af8eb42d56 -> 
========================================================================
Received Prepare
Registering precompiled user dll's ...
Registered in 0.011155 seconds.
Begin MonoManager ReloadAssembly
Symbol file LoadedFromMemory doesn't match image C:\Users\ПК\OnlineCinema\Library\PackageCache\com.unity.visualscripting@1.8.0\Editor\VisualScripting.Core\Dependencies\YamlDotNet\Unity.VisualScripting.YamlDotNet.dll
Symbol file LoadedFromMemory doesn't match image C:\Users\ПК\OnlineCinema\Library\PackageCache\com.unity.visualscripting@1.8.0\Editor\VisualScripting.Core\Dependencies\DotNetZip\Unity.VisualScripting.IonicZip.dll
Native extension for WindowsStandalone target not found
Native extension for WebGL target not found
Refreshing native plugins compatible for Editor in 0.96 ms, found 3 plugins.
Preloading 0 native plugins for Editor in 0.00 ms.
Mono: successfully reloaded assembly
- Completed reload, in  2.084 seconds
Domain Reload Profiling:
	ReloadAssembly (2085ms)
		BeginReloadAssembly (270ms)
			ExecutionOrderSort (0ms)
			DisableScriptedObjects (13ms)
			BackupInstance (0ms)
			ReleaseScriptingObjects (0ms)
			CreateAndSetChildDomain (57ms)
		EndReloadAssembly (1599ms)
			LoadAssemblies (174ms)
			RebuildTransferFunctionScriptingTraits (0ms)
			SetupTypeCache (592ms)
			ReleaseScriptCaches (2ms)
			RebuildScriptCaches (89ms)
			SetupLoadedEditorAssemblies (663ms)
				LogAssemblyErrors (0ms)
				InitializePlatformSupportModulesInManaged (29ms)
				SetLoadedEditorAssemblies (1ms)
				RefreshPlugins (1ms)
				BeforeProcessingInitializeOnLoad (135ms)
				ProcessInitializeOnLoadAttributes (441ms)
				ProcessInitializeOnLoadMethodAttributes (41ms)
				AfterProcessingInitializeOnLoad (15ms)
				EditorAssembliesLoaded (0ms)
			ExecutionOrderSort2 (0ms)
			AwakeInstancesAfterBackupRestoration (14ms)
Platform modules already initialized, skipping
Refreshing native plugins compatible for Editor in 5.05 ms, found 3 plugins.
Preloading 0 native plugins for Editor in 0.00 ms.
Unloading 3080 Unused Serialized files (Serialized files now loaded: 0)
Unloading 19 unused Assets / (24.7 KB). Loaded Objects now: 3586.
Memory consumption went from 122.5 MB to 122.5 MB.
Total: 8.407000 ms (FindLiveObjects: 0.784600 ms CreateObjectMapping: 0.242700 ms MarkObjects: 7.329600 ms  DeleteObjects: 0.048200 ms)

AssetImportParameters requested are different than current active one (requested -> active):
  custom:video-decoder-ogg-theora: a1e56fd34408186e4bbccfd4996cb3dc -> 
  custom:container-muxer-webm: aa71ff27fc2769a1b78a27578f13a17b -> 
  custom:container-demuxer-webm: 4f35f7cbe854078d1ac9338744f61a02 -> 
  custom:video-encoder-webm-vp8: eb34c28f22e8b96e1ab97ce403110664 -> 
  custom:audio-encoder-webm-vorbis: bf7c407c2cedff20999df2af8eb42d56 -> 
  custom:framework-win-MediaFoundation: 216162199b28c13a410421893ffa2e32 -> 
  custom:container-demuxer-ogg: 62fdf1f143b41e24485cea50d1cbac27 -> 
  custom:video-decoder-webm-vp8: 9c59270c3fd7afecdb556c50c9e8de78 -> 
  custom:audio-decoder-ogg-vorbis: bf7c407c2cedff20999df2af8eb42d56 -> 
========================================================================
Received Import Request.
  Time since last request: 898638.647757 seconds.
  path: Assets/Scripts/game script/menuUiControll.cs
  artifactKey: Guid(e0fd200a2dbd9644c96142fed0a6746a) Importer(815301076,1909f56bfc062723c751e8b465ee728b)
Start importing Assets/Scripts/game script/menuUiControll.cs using Guid(e0fd200a2dbd9644c96142fed0a6746a) Importer(815301076,1909f56bfc062723c751e8b465ee728b)  -> (artifact id: 'e6d966431a9c6d5ffb7ebb28ab95bd7e') in 0.239281 seconds 
========================================================================
Received Import Request.
  Time since last request: 0.204973 seconds.
  path: Assets/Scripts/game script/mouseLockControll.cs
  artifactKey: Guid(15fbef05712824f4fa159f5af83d204c) Importer(815301076,1909f56bfc062723c751e8b465ee728b)
Start importing Assets/Scripts/game script/mouseLockControll.cs using Guid(15fbef05712824f4fa159f5af83d204c) Importer(815301076,1909f56bfc062723c751e8b465ee728b)  -> (artifact id: '8014dc06319fdab98da382d89e06920b') in 0.002394 seconds 
========================================================================
Received Import Request.
  Time since last request: 0.480350 seconds.
  path: Assets/Scripts/game script/movePlayer.cs
  artifactKey: Guid(89e9a343cd41ba141b50f673d8463cee) Importer(815301076,1909f56bfc062723c751e8b465ee728b)
Start importing Assets/Scripts/game script/movePlayer.cs using Guid(89e9a343cd41ba141b50f673d8463cee) Importer(815301076,1909f56bfc062723c751e8b465ee728b)  -> (artifact id: 'b0edd70f60ecbf43b0a1e1365397fefc') in 0.002767 seconds 
========================================================================
Received Import Request.
  Time since last request: 2724.658549 seconds.
  path: Assets/Scripts/game script/videocontroll.cs
  artifactKey: Guid(460ca82657db7bf40b3db014deb2d3ee) Importer(815301076,1909f56bfc062723c751e8b465ee728b)
Start importing Assets/Scripts/game script/videocontroll.cs using Guid(460ca82657db7bf40b3db014deb2d3ee) Importer(815301076,1909f56bfc062723c751e8b465ee728b)  -> (artifact id: '123bd46f225ffd8dcbd0c2f513e665e5') in 0.003736 seconds 
========================================================================
Received Import Request.
  Time since last request: 24.077157 seconds.
  path: Assets/Scripts/menu scripts/menuScript.cs
  artifactKey: Guid(727a9d6f35a5f214a8224d25d2bd398b) Importer(815301076,1909f56bfc062723c751e8b465ee728b)
Start importing Assets/Scripts/menu scripts/menuScript.cs using Guid(727a9d6f35a5f214a8224d25d2bd398b) Importer(815301076,1909f56bfc062723c751e8b465ee728b)  -> (artifact id: '6f7fa86649dae0709cfb72691a991205') in 0.002364 seconds 
========================================================================
Received Import Request.
  Time since last request: 41.315571 seconds.
  path: Assets/DB/DBfavorit.cs
  artifactKey: Guid(8cb075fc17086d9479bfafd4a772dc97) Importer(815301076,1909f56bfc062723c751e8b465ee728b)
Start importing Assets/DB/DBfavorit.cs using Guid(8cb075fc17086d9479bfafd4a772dc97) Importer(815301076,1909f56bfc062723c751e8b465ee728b)  -> (artifact id: '5cff51917d79bae99c589a593d72d63b') in 0.002398 seconds 
========================================================================
Received Import Request.
  Time since last request: 0.850653 seconds.
  path: Assets/DB/DBmanager.cs
  artifactKey: Guid(8726b5b9178cfad47b6883338caf5e07) Importer(815301076,1909f56bfc062723c751e8b465ee728b)
Start importing Assets/DB/DBmanager.cs using Guid(8726b5b9178cfad47b6883338caf5e07) Importer(815301076,1909f56bfc062723c751e8b465ee728b)  -> (artifact id: '511bca8547691dbc321e702ff9a67858') in 0.002400 seconds 
========================================================================
Received Import Request.
  Time since last request: 1.941064 seconds.
  path: Assets/DB/MoveCard.cs
  artifactKey: Guid(41f8d33d3bcd1134f81543775a1204d3) Importer(815301076,1909f56bfc062723c751e8b465ee728b)
Start importing Assets/DB/MoveCard.cs using Guid(41f8d33d3bcd1134f81543775a1204d3) Importer(815301076,1909f56bfc062723c751e8b465ee728b)  -> (artifact id: 'ea256b6009de928d0129be291ca96c8b') in 0.002421 seconds 
========================================================================
Received Import Request.
  Time since last request: 0.875281 seconds.
  path: Assets/DB/tableHistory.cs
  artifactKey: Guid(7381b5b4cd01a5241add7151041ac66b) Importer(815301076,1909f56bfc062723c751e8b465ee728b)
Start importing Assets/DB/tableHistory.cs using Guid(7381b5b4cd01a5241add7151041ac66b) Importer(815301076,1909f56bfc062723c751e8b465ee728b)  -> (artifact id: '863cd0704870ae14a08ee4babd18915d') in 0.002491 seconds 
